[22388:8856:0304/153904.717:WARNING:chrome_main_delegate.cc(745)] This is Chrome version 128.0.6613.138 (not a warning)
[22388:22508:0304/153904.765:ERROR:google_update_settings.cc(265)] Failed opening key Software\Chromium to set usagestats; result: 5
[22388:8856:0304/153904.851:WARNING:account_consistency_mode_manager.cc(77)] Desktop Identity Consistency cannot be enabled as no OAuth client ID and client secret have been configured.
[22388:8856:0304/153906.568:WARNING:external_registry_loader_win.cc(232)] Error observing HKLM: 5
[22468:9060:0304/153907.577:WARNING:frame_impl.cc(430)] virtual CefFrameImpl::SendProcessMessage sent to detached frame 5-472633F4E5FB0F877172AB30101D9852 will be ignored
[19476:10628:0304/160403.564:ERROR:shared_image_manager.cc(224)] SharedImageManager::ProduceSkia: Trying to Produce a Skia representation from a non-existent mailbox.
[19476:10628:0304/164300.277:ERROR:shared_image_manager.cc(224)] SharedImageManager::ProduceSkia: Trying to Produce a Skia representation from a non-existent mailbox.
[23280:22800:0304/172028.491:WARNING:chrome_main_delegate.cc(745)] This is Chrome version 128.0.6613.138 (not a warning)
[23280:5092:0304/172028.539:ERROR:google_update_settings.cc(265)] Failed opening key Software\Chromium to set usagestats; result: 5
[23280:22800:0304/172028.578:WARNING:account_consistency_mode_manager.cc(77)] Desktop Identity Consistency cannot be enabled as no OAuth client ID and client secret have been configured.
[23280:22800:0304/172032.808:WARNING:external_registry_loader_win.cc(232)] Error observing HKLM: 5
[22388:8856:0304/172034.929:WARNING:pref_notifier_impl.cc(41)] Pref observer for media_router.cast_allow_all_ips found at shutdown.
[24252:10832:0304/172034.991:WARNING:frame_impl.cc(430)] virtual CefFrameImpl::SendProcessMessage sent to detached frame 5-6B0CFFD8BA11D934B5F1034B2A20DBE1 will be ignored
[23280:9188:0304/172035.799:WARNING:browser_info.cc(345)] Returning a speculative frame for [8,9]
[23280:22800:0304/172035.896:WARNING:browser_info.cc(345)] Returning a speculative frame for [9,9]
[23280:22800:0304/172035.896:WARNING:browser_info.cc(345)] Returning a speculative frame for [9,9]
[23280:22800:0304/172035.896:WARNING:browser_info.cc(345)] Returning a speculative frame for [9,9]
[23280:22800:0304/172035.896:WARNING:browser_info.cc(345)] Returning a speculative frame for [9,9]
[23280:9188:0304/172035.900:WARNING:browser_info.cc(345)] Returning a speculative frame for [9,9]
[23280:22800:0304/172052.432:WARNING:pref_notifier_impl.cc(41)] Pref observer for media_router.cast_allow_all_ips found at shutdown.
